<?xml version="1.0" encoding="utf-8"?><testsuites name="pytest tests"><testsuite name="pytest" errors="0" failures="0" skipped="0" tests="16" time="8.698" timestamp="2026-05-06T05:42:23.812407+00:00" hostname="agent-env-3bc2bac4-a898-4880-979a-2737bb0c7e86"><testcase classname="backend.tests.test_iter11_features.TestBulkAuth" name="test_auto_tag_all_requires_auth" time="0.271" /><testcase classname="backend.tests.test_iter11_features.TestBulkAuth" name="test_auto_describe_all_requires_auth" time="0.072" /><testcase classname="backend.tests.test_iter11_features.TestBulkAuth" name="test_bulk_status_requires_auth" time="0.069" /><testcase classname="backend.tests.test_iter11_features.TestBulkAuth" name="test_list_bulk_requires_auth" time="0.077" /><testcase classname="backend.tests.test_iter11_features.TestBulkDisabledLLM" name="test_auto_tag_all_400_when_disabled" time="0.349" /><testcase classname="backend.tests.test_iter11_features.TestBulkAutoTagAll" name="test_auto_tag_all_returns_task" time="1.291" /><testcase classname="backend.tests.test_iter11_features.TestBulkAutoTagAll" name="test_auto_describe_all_returns_task" time="1.233" /><testcase classname="backend.tests.test_iter11_features.TestBulkAutoTagAll" name="test_bulk_status_404_unknown" time="0.067" /><testcase classname="backend.tests.test_iter11_features.TestBulkAutoTagAll" name="test_list_bulk_tasks_shape" time="0.069" /><testcase classname="backend.tests.test_iter11_features.TestBulkSkipping" name="test_auto_tag_all_skips_existing" time="1.467" /><testcase classname="backend.tests.test_iter11_features.TestBulkSkipping" name="test_auto_describe_all_skips_existing" time="1.440" /><testcase classname="backend.tests.test_iter11_features.TestEmbedPlayer" name="test_embed_returns_html" time="0.142" /><testcase classname="backend.tests.test_iter11_features.TestEmbedPlayer" name="test_embed_includes_meta_when_bpm" time="0.067" /><testcase classname="backend.tests.test_iter11_features.TestEmbedPlayer" name="test_embed_404_unknown" time="0.072" /><testcase classname="backend.tests.test_iter11_features.TestCompatibleTagOverlap" name="test_compatible_sorts_by_tag_overlap" time="0.849" /><testcase classname="backend.tests.test_iter11_features.TestCompatibleTagOverlap" name="test_cache_invalidates_on_patch_tags" time="1.061" /></testsuite></testsuites>