<?xml version="1.0" encoding="utf-8"?><testsuites name="pytest tests"><testsuite name="pytest" errors="4" failures="10" skipped="0" tests="78" time="13.888" timestamp="2026-05-05T20:30:52.548684+00:00" hostname="agent-env-3bc2bac4-a898-4880-979a-2737bb0c7e86"><testcase classname="backend.tests.backend_test.TestRoot" name="test_root" time="0.161" /><testcase classname="backend.tests.backend_test.TestRoot" name="test_seed_demo" time="0.128" /><testcase classname="backend.tests.backend_test.TestAuth" name="test_login_success" time="0.080" /><testcase classname="backend.tests.backend_test.TestAuth" name="test_login_wrong_password" time="0.074" /><testcase classname="backend.tests.backend_test.TestAuth" name="test_verify_without_token" time="0.074" /><testcase classname="backend.tests.backend_test.TestAuth" name="test_verify_with_invalid_token" time="0.079" /><testcase classname="backend.tests.backend_test.TestAuth" name="test_verify_with_valid_token" time="0.122" /><testcase classname="backend.tests.backend_test.TestAdminProtection" name="test_create_requires_auth" time="0.088" /><testcase classname="backend.tests.backend_test.TestAdminProtection" name="test_patch_requires_auth" time="0.070" /><testcase classname="backend.tests.backend_test.TestAdminProtection" name="test_delete_requires_auth" time="0.064" /><testcase classname="backend.tests.backend_test.TestAdminProtection" name="test_audio_upload_requires_auth" time="0.063" /><testcase classname="backend.tests.backend_test.TestMixes" name="test_list_mixes_no_mongo_id" time="0.065" /><testcase classname="backend.tests.backend_test.TestMixes" name="test_get_genres" time="0.067" /><testcase classname="backend.tests.backend_test.TestMixes" name="test_create_and_get_mix" time="0.149" /><testcase classname="backend.tests.backend_test.TestMixes" name="test_genre_visible" time="0.060" /><testcase classname="backend.tests.backend_test.TestMixes" name="test_patch_mix" time="0.128" /><testcase classname="backend.tests.backend_test.TestMixes" name="test_play_count_increment" time="0.199" /><testcase classname="backend.tests.backend_test.TestMixes" name="test_play_nonexistent" time="0.065" /><testcase classname="backend.tests.backend_test.TestMixes" name="test_get_nonexistent" time="0.077" /><testcase classname="backend.tests.backend_test.TestMixes" name="test_public_duration_sets_when_zero" time="0.464" /><testcase classname="backend.tests.backend_test.TestUploadsAndStreaming" name="test_cue_upload_and_parse" time="0.131" /><testcase classname="backend.tests.backend_test.TestUploadsAndStreaming" name="test_audio_upload_and_stream_range" time="0.466" /><testcase classname="backend.tests.backend_test.TestUploadsAndStreaming" name="test_cover_upload_and_fetch" time="0.175" /><testcase classname="backend.tests.backend_test.TestDelete" name="test_delete_mix_removes" time="0.228" /><testcase classname="backend.tests.test_analysis" name="test_analyze_requires_admin" time="0.135" /><testcase classname="backend.tests.test_analysis" name="test_analysis_status_public_404" time="0.061" /><testcase classname="backend.tests.test_analysis" name="test_scan_analyze_false_does_not_queue" time="0.120"><failure message="KeyError: 'added_count'">backend/tests/test_analysis.py:93: in test_scan_analyze_false_does_not_queue
    assert body["added_count"] == 1
           ^^^^^^^^^^^^^^^^^^^
E   KeyError: 'added_count'</failure></testcase><testcase classname="backend.tests.test_analysis" name="test_scan_analyze_true_runs_end_to_end" time="0.070"><failure message="KeyError: 'added_count'">backend/tests/test_analysis.py:110: in test_scan_analyze_true_runs_end_to_end
    assert body["added_count"] == 1
           ^^^^^^^^^^^^^^^^^^^
E   KeyError: 'added_count'</failure></testcase><testcase classname="backend.tests.test_analysis" name="test_rescan_does_not_requeue" time="0.064"><failure message="KeyError: 'added_count'">backend/tests/test_analysis.py:149: in test_rescan_does_not_requeue
    assert body["added_count"] == 0
           ^^^^^^^^^^^^^^^^^^^
E   KeyError: 'added_count'</failure></testcase><testcase classname="backend.tests.test_analysis" name="test_analyze_endpoint_response" time="0.000"><failure message="AttributeError: module 'pytest' has no attribute 'analysis_mix_id'">backend/tests/test_analysis.py:155: in test_analyze_endpoint_response
    mix_id = pytest.analysis_mix_id
             ^^^^^^^^^^^^^^^^^^^^^^
E   AttributeError: module 'pytest' has no attribute 'analysis_mix_id'</failure></testcase><testcase classname="backend.tests.test_analysis" name="test_analyze_endpoint_404" time="0.059" /><testcase classname="backend.tests.test_analysis" name="test_artwork_chain_with_empty_discogs" time="0.186" /><testcase classname="backend.tests.test_analysis" name="test_artwork_unknown_returns_no_crash" time="0.831" /><testcase classname="backend.tests.test_bg_scan" name="test_scan_post_no_auth" time="0.146" /><testcase classname="backend.tests.test_bg_scan" name="test_scan_status_no_auth" time="0.146" /><testcase classname="backend.tests.test_bg_scan" name="test_analysis_overview_no_auth" time="0.165" /><testcase classname="backend.tests.test_bg_scan" name="test_scan_post_bad_token" time="0.194" /><testcase classname="backend.tests.test_bg_scan" name="test_scan_invalid_path_returns_400" time="0.355" /><testcase classname="backend.tests.test_bg_scan" name="test_scan_status_unknown_id" time="0.189" /><testcase classname="backend.tests.test_bg_scan" name="test_analysis_overview_shape" time="0.147" /><testcase classname="backend.tests.test_bg_scan" name="test_scan_full_flow_on_tmp" time="1.211" /><testcase classname="backend.tests.test_compatible.TestCompatibleBasics" name="test_returns_200_and_list" time="0.463" /><testcase classname="backend.tests.test_compatible.TestCompatibleBasics" name="test_404_for_missing_mix" time="0.070" /><testcase classname="backend.tests.test_compatible.TestCompatibleBasics" name="test_source_excluded" time="0.069" /><testcase classname="backend.tests.test_compatible.TestCompatibleBasics" name="test_no_mongo_id_leak" time="0.091" /><testcase classname="backend.tests.test_compatible.TestCompatibleScoring" name="test_B_and_C_match_D_does_not" time="0.082" /><testcase classname="backend.tests.test_compatible.TestCompatibleScoring" name="test_ordering_best_first" time="0.072" /><testcase classname="backend.tests.test_compatible.TestCompatibleScoring" name="test_limit_param" time="0.074" /><testcase classname="backend.tests.test_compatible.TestCompatibleScoring" name="test_limit_2" time="0.065" /><testcase classname="backend.tests.test_compatible.TestCompatibleScoring" name="test_default_limit_is_8" time="0.064" /><testcase classname="backend.tests.test_compatible.TestCompatibleEdge" name="test_source_without_bpm_or_camelot" time="0.213" /><testcase classname="backend.tests.test_compatible.TestCompatibleEdge" name="test_wrap_around_camelot_12_to_1" time="0.365" /><testcase classname="backend.tests.test_compatible.TestCompatibleEdge" name="test_wrap_around_camelot_1_to_12" time="0.365" /><testcase classname="backend.tests.test_compatible.TestCompatibleEdge" name="test_relative_major_minor" time="0.388" /><testcase classname="backend.tests.test_compatible.TestGetMixRegression" name="test_get_mix_still_works" time="0.062" /><testcase classname="backend.tests.test_compatible.TestGetMixRegression" name="test_get_mix_404" time="0.334" /><testcase classname="backend.tests.test_phase2.TestRSSFeed" name="test_feed_xml_returns_200_and_correct_content_type" time="0.204" /><testcase classname="backend.tests.test_phase2.TestRSSFeed" name="test_feed_xml_is_valid_rss_with_channel" time="0.220"><error message="failed on setup with &quot;KeyError: 'added_count'&quot;">backend/tests/test_phase2.py:78: in scanned_mix
    if body["added_count"] &gt; 0:
       ^^^^^^^^^^^^^^^^^^^
E   KeyError: 'added_count'</error></testcase><testcase classname="backend.tests.test_phase2.TestRSSFeed" name="test_feed_skips_mixes_without_audio_source" time="0.155" /><testcase classname="backend.tests.test_phase2.TestRSSFeed" name="test_feed_is_cached_identical_bytes" time="0.186" /><testcase classname="backend.tests.test_phase2.TestWaveform" name="test_waveform_404_unknown_mix" time="0.159" /><testcase classname="backend.tests.test_phase2.TestWaveform" name="test_waveform_no_audio_returns_empty_not_ready" time="0.095" /><testcase classname="backend.tests.test_phase2.TestWaveform" name="test_waveform_real_audio_computes_peaks_and_persists" time="0.000"><error message="failed on setup with &quot;KeyError: 'added_count'&quot;">backend/tests/test_phase2.py:78: in scanned_mix
    if body["added_count"] &gt; 0:
       ^^^^^^^^^^^^^^^^^^^
E   KeyError: 'added_count'</error></testcase><testcase classname="backend.tests.test_phase2.TestWaveform" name="test_waveform_second_call_is_fast_cached" time="0.000"><error message="failed on setup with &quot;KeyError: 'added_count'&quot;">backend/tests/test_phase2.py:78: in scanned_mix
    if body["added_count"] &gt; 0:
       ^^^^^^^^^^^^^^^^^^^
E   KeyError: 'added_count'</error></testcase><testcase classname="backend.tests.test_phase2.TestMixUpdateHarmonic" name="test_patch_accepts_key_and_camelot" time="0.156" /><testcase classname="backend.tests.test_phase2.TestRedisCache" name="test_mixes_list_populates_cache_key" time="0.082" /><testcase classname="backend.tests.test_phase2.TestRedisCache" name="test_mixes_list_second_call_is_faster" time="0.139" /><testcase classname="backend.tests.test_phase2.TestRedisCache" name="test_patch_invalidates_mixdeck_cache" time="0.218" /><testcase classname="backend.tests.test_phase2.TestRedisCache" name="test_compatible_cache_invalidated_on_patch" time="0.000"><error message="failed on setup with &quot;KeyError: 'added_count'&quot;">backend/tests/test_phase2.py:78: in scanned_mix
    if body["added_count"] &gt; 0:
       ^^^^^^^^^^^^^^^^^^^
E   KeyError: 'added_count'</error></testcase><testcase classname="backend.tests.test_phase2.TestDeleteWaveformCleanup" name="test_delete_removes_waveform_json_file" time="0.339" /><testcase classname="backend.tests.test_scan" name="test_scan_requires_admin" time="0.159" /><testcase classname="backend.tests.test_scan" name="test_scan_bad_path_returns_400" time="0.137" /><testcase classname="backend.tests.test_scan" name="test_scan_recursive_ingests_all" time="0.070"><failure message="KeyError: 'scanned'">backend/tests/test_scan.py:175: in test_scan_recursive_ingests_all
    assert body["scanned"] == 4, body
           ^^^^^^^^^^^^^^^
E   KeyError: 'scanned'</failure></testcase><testcase classname="backend.tests.test_scan" name="test_scan_idempotent" time="0.078"><failure message="KeyError: 'added_count'">backend/tests/test_scan.py:247: in test_scan_idempotent
    assert body["added_count"] == 0
           ^^^^^^^^^^^^^^^^^^^
E   KeyError: 'added_count'</failure></testcase><testcase classname="backend.tests.test_scan" name="test_scan_non_recursive_skips_subfolders" time="0.587"><failure message="KeyError: 'scanned'">backend/tests/test_scan.py:270: in test_scan_non_recursive_skips_subfolders
    assert body["scanned"] == 3, body
           ^^^^^^^^^^^^^^^
E   KeyError: 'scanned'</failure></testcase><testcase classname="backend.tests.test_scan" name="test_stream_source_path_range" time="0.000"><failure message="AttributeError: module 'pytest' has no attribute 'scan_mix_a_id'">backend/tests/test_scan.py:281: in test_stream_source_path_range
    mix_id = pytest.scan_mix_a_id
             ^^^^^^^^^^^^^^^^^^^^
E   AttributeError: module 'pytest' has no attribute 'scan_mix_a_id'</failure></testcase><testcase classname="backend.tests.test_scan" name="test_cover_source_path" time="0.000"><failure message="AttributeError: module 'pytest' has no attribute 'scan_mix_a_id'">backend/tests/test_scan.py:299: in test_cover_source_path
    mix_id = pytest.scan_mix_a_id
             ^^^^^^^^^^^^^^^^^^^^
E   AttributeError: module 'pytest' has no attribute 'scan_mix_a_id'</failure></testcase><testcase classname="backend.tests.test_scan" name="test_delete_preserves_source_files" time="0.468"><failure message="AttributeError: module 'pytest' has no attribute 'scan_mix_a_id'">backend/tests/test_scan.py:309: in test_delete_preserves_source_files
    mix_id = pytest.scan_mix_a_id
             ^^^^^^^^^^^^^^^^^^^^
E   AttributeError: module 'pytest' has no attribute 'scan_mix_a_id'</failure></testcase></testsuite></testsuites>