<?xml version="1.0" encoding="utf-8"?><testsuites name="pytest tests"><testsuite name="pytest" errors="0" failures="0" skipped="0" tests="78" time="16.989" timestamp="2026-05-05T20:55:51.300040+00:00" hostname="agent-env-3bc2bac4-a898-4880-979a-2737bb0c7e86"><testcase classname="backend_test.TestRoot" name="test_root" time="0.310" /><testcase classname="backend_test.TestRoot" name="test_seed_demo" time="0.211" /><testcase classname="backend_test.TestAuth" name="test_login_success" time="0.069" /><testcase classname="backend_test.TestAuth" name="test_login_wrong_password" time="0.069" /><testcase classname="backend_test.TestAuth" name="test_verify_without_token" time="0.069" /><testcase classname="backend_test.TestAuth" name="test_verify_with_invalid_token" time="0.067" /><testcase classname="backend_test.TestAuth" name="test_verify_with_valid_token" time="0.140" /><testcase classname="backend_test.TestAdminProtection" name="test_create_requires_auth" time="0.069" /><testcase classname="backend_test.TestAdminProtection" name="test_patch_requires_auth" time="0.067" /><testcase classname="backend_test.TestAdminProtection" name="test_delete_requires_auth" time="0.069" /><testcase classname="backend_test.TestAdminProtection" name="test_audio_upload_requires_auth" time="0.069" /><testcase classname="backend_test.TestMixes" name="test_list_mixes_no_mongo_id" time="0.069" /><testcase classname="backend_test.TestMixes" name="test_get_genres" time="0.069" /><testcase classname="backend_test.TestMixes" name="test_create_and_get_mix" time="0.137" /><testcase classname="backend_test.TestMixes" name="test_genre_visible" time="0.065" /><testcase classname="backend_test.TestMixes" name="test_patch_mix" time="0.137" /><testcase classname="backend_test.TestMixes" name="test_play_count_increment" time="0.213" /><testcase classname="backend_test.TestMixes" name="test_play_nonexistent" time="0.073" /><testcase classname="backend_test.TestMixes" name="test_get_nonexistent" time="0.084" /><testcase classname="backend_test.TestMixes" name="test_public_duration_sets_when_zero" time="0.499" /><testcase classname="backend_test.TestUploadsAndStreaming" name="test_cue_upload_and_parse" time="0.141" /><testcase classname="backend_test.TestUploadsAndStreaming" name="test_audio_upload_and_stream_range" time="0.679" /><testcase classname="backend_test.TestUploadsAndStreaming" name="test_cover_upload_and_fetch" time="0.140" /><testcase classname="backend_test.TestDelete" name="test_delete_mix_removes" time="0.220" /><testcase classname="test_analysis" name="test_analyze_requires_admin" time="0.111" /><testcase classname="test_analysis" name="test_analysis_status_public_404" time="0.050" /><testcase classname="test_analysis" name="test_scan_analyze_false_does_not_queue" time="0.258" /><testcase classname="test_analysis" name="test_scan_analyze_true_runs_end_to_end" time="2.324" /><testcase classname="test_analysis" name="test_rescan_does_not_requeue" time="0.099" /><testcase classname="test_analysis" name="test_analyze_endpoint_response" time="0.063" /><testcase classname="test_analysis" name="test_analyze_endpoint_404" time="0.107" /><testcase classname="test_analysis" name="test_artwork_chain_with_empty_discogs" time="0.256" /><testcase classname="test_analysis" name="test_artwork_unknown_returns_no_crash" time="0.886" /><testcase classname="test_bg_scan" name="test_scan_post_no_auth" time="0.132" /><testcase classname="test_bg_scan" name="test_scan_status_no_auth" time="0.137" /><testcase classname="test_bg_scan" name="test_analysis_overview_no_auth" time="0.136" /><testcase classname="test_bg_scan" name="test_scan_post_bad_token" time="0.131" /><testcase classname="test_bg_scan" name="test_scan_invalid_path_returns_400" time="0.320" /><testcase classname="test_bg_scan" name="test_scan_status_unknown_id" time="0.129" /><testcase classname="test_bg_scan" name="test_analysis_overview_shape" time="0.140" /><testcase classname="test_bg_scan" name="test_scan_full_flow_on_tmp" time="1.317" /><testcase classname="test_compatible.TestCompatibleBasics" name="test_returns_200_and_list" time="0.515" /><testcase classname="test_compatible.TestCompatibleBasics" name="test_404_for_missing_mix" time="0.067" /><testcase classname="test_compatible.TestCompatibleBasics" name="test_source_excluded" time="0.064" /><testcase classname="test_compatible.TestCompatibleBasics" name="test_no_mongo_id_leak" time="0.090" /><testcase classname="test_compatible.TestCompatibleScoring" name="test_B_and_C_match_D_does_not" time="0.074" /><testcase classname="test_compatible.TestCompatibleScoring" name="test_ordering_best_first" time="0.072" /><testcase classname="test_compatible.TestCompatibleScoring" name="test_limit_param" time="0.076" /><testcase classname="test_compatible.TestCompatibleScoring" name="test_limit_2" time="0.072" /><testcase classname="test_compatible.TestCompatibleScoring" name="test_default_limit_is_8" time="0.068" /><testcase classname="test_compatible.TestCompatibleEdge" name="test_source_without_bpm_or_camelot" time="0.209" /><testcase classname="test_compatible.TestCompatibleEdge" name="test_wrap_around_camelot_12_to_1" time="0.350" /><testcase classname="test_compatible.TestCompatibleEdge" name="test_wrap_around_camelot_1_to_12" time="0.337" /><testcase classname="test_compatible.TestCompatibleEdge" name="test_relative_major_minor" time="0.368" /><testcase classname="test_compatible.TestGetMixRegression" name="test_get_mix_still_works" time="0.076" /><testcase classname="test_compatible.TestGetMixRegression" name="test_get_mix_404" time="0.345" /><testcase classname="test_phase2.TestRSSFeed" name="test_feed_xml_returns_200_and_correct_content_type" time="0.162" /><testcase classname="test_phase2.TestRSSFeed" name="test_feed_xml_is_valid_rss_with_channel" time="0.281" /><testcase classname="test_phase2.TestRSSFeed" name="test_feed_skips_mixes_without_audio_source" time="0.149" /><testcase classname="test_phase2.TestRSSFeed" name="test_feed_is_cached_identical_bytes" time="0.143" /><testcase classname="test_phase2.TestWaveform" name="test_waveform_404_unknown_mix" time="0.069" /><testcase classname="test_phase2.TestWaveform" name="test_waveform_no_audio_returns_empty_not_ready" time="0.071" /><testcase classname="test_phase2.TestWaveform" name="test_waveform_real_audio_computes_peaks_and_persists" time="0.133" /><testcase classname="test_phase2.TestWaveform" name="test_waveform_second_call_is_fast_cached" time="0.140" /><testcase classname="test_phase2.TestMixUpdateHarmonic" name="test_patch_accepts_key_and_camelot" time="0.144" /><testcase classname="test_phase2.TestRedisCache" name="test_mixes_list_populates_cache_key" time="0.077" /><testcase classname="test_phase2.TestRedisCache" name="test_mixes_list_second_call_is_faster" time="0.140" /><testcase classname="test_phase2.TestRedisCache" name="test_patch_invalidates_mixdeck_cache" time="0.241" /><testcase classname="test_phase2.TestRedisCache" name="test_compatible_cache_invalidated_on_patch" time="0.139" /><testcase classname="test_phase2.TestDeleteWaveformCleanup" name="test_delete_removes_waveform_json_file" time="0.286" /><testcase classname="test_scan" name="test_scan_requires_admin" time="0.110" /><testcase classname="test_scan" name="test_scan_bad_path_returns_400" time="0.113" /><testcase classname="test_scan" name="test_scan_recursive_ingests_all" time="0.263" /><testcase classname="test_scan" name="test_scan_idempotent" time="0.098" /><testcase classname="test_scan" name="test_scan_non_recursive_skips_subfolders" time="0.374" /><testcase classname="test_scan" name="test_stream_source_path_range" time="0.103" /><testcase classname="test_scan" name="test_cover_source_path" time="0.050" /><testcase classname="test_scan" name="test_delete_preserves_source_files" time="0.383" /></testsuite></testsuites>