<?xml version="1.0" encoding="utf-8"?><testsuites name="pytest tests"><testsuite name="pytest" errors="0" failures="0" skipped="0" tests="41" time="7.545" timestamp="2026-04-24T14:49:50.712487+00:00" hostname="agent-env-3bc2bac4-a898-4880-979a-2737bb0c7e86"><testcase classname="backend.tests.backend_test.TestRoot" name="test_root" time="0.168" /><testcase classname="backend.tests.backend_test.TestRoot" name="test_seed_demo" time="0.095" /><testcase classname="backend.tests.backend_test.TestAuth" name="test_login_success" time="0.048" /><testcase classname="backend.tests.backend_test.TestAuth" name="test_login_wrong_password" time="0.045" /><testcase classname="backend.tests.backend_test.TestAuth" name="test_verify_without_token" time="0.049" /><testcase classname="backend.tests.backend_test.TestAuth" name="test_verify_with_invalid_token" time="0.045" /><testcase classname="backend.tests.backend_test.TestAuth" name="test_verify_with_valid_token" time="0.097" /><testcase classname="backend.tests.backend_test.TestAdminProtection" name="test_create_requires_auth" time="0.051" /><testcase classname="backend.tests.backend_test.TestAdminProtection" name="test_patch_requires_auth" time="0.054" /><testcase classname="backend.tests.backend_test.TestAdminProtection" name="test_delete_requires_auth" time="0.046" /><testcase classname="backend.tests.backend_test.TestAdminProtection" name="test_audio_upload_requires_auth" time="0.051" /><testcase classname="backend.tests.backend_test.TestMixes" name="test_list_mixes_no_mongo_id" time="0.050" /><testcase classname="backend.tests.backend_test.TestMixes" name="test_get_genres" time="0.046" /><testcase classname="backend.tests.backend_test.TestMixes" name="test_create_and_get_mix" time="0.090" /><testcase classname="backend.tests.backend_test.TestMixes" name="test_genre_visible" time="0.049" /><testcase classname="backend.tests.backend_test.TestMixes" name="test_patch_mix" time="0.097" /><testcase classname="backend.tests.backend_test.TestMixes" name="test_play_count_increment" time="0.142" /><testcase classname="backend.tests.backend_test.TestMixes" name="test_play_nonexistent" time="0.046" /><testcase classname="backend.tests.backend_test.TestMixes" name="test_get_nonexistent" time="0.044" /><testcase classname="backend.tests.backend_test.TestMixes" name="test_public_duration_sets_when_zero" time="0.364" /><testcase classname="backend.tests.backend_test.TestUploadsAndStreaming" name="test_cue_upload_and_parse" time="0.098" /><testcase classname="backend.tests.backend_test.TestUploadsAndStreaming" name="test_audio_upload_and_stream_range" time="0.359" /><testcase classname="backend.tests.backend_test.TestUploadsAndStreaming" name="test_cover_upload_and_fetch" time="0.101" /><testcase classname="backend.tests.backend_test.TestDelete" name="test_delete_mix_removes" time="0.147" /><testcase classname="backend.tests.test_analysis" name="test_analyze_requires_admin" time="0.150" /><testcase classname="backend.tests.test_analysis" name="test_analysis_status_public_404" time="0.052" /><testcase classname="backend.tests.test_analysis" name="test_scan_analyze_false_does_not_queue" time="0.190" /><testcase classname="backend.tests.test_analysis" name="test_scan_analyze_true_runs_end_to_end" time="2.199" /><testcase classname="backend.tests.test_analysis" name="test_rescan_does_not_requeue" time="0.048" /><testcase classname="backend.tests.test_analysis" name="test_analyze_endpoint_response" time="0.054" /><testcase classname="backend.tests.test_analysis" name="test_analyze_endpoint_404" time="0.093" /><testcase classname="backend.tests.test_analysis" name="test_artwork_chain_with_empty_discogs" time="0.201" /><testcase classname="backend.tests.test_analysis" name="test_artwork_unknown_returns_no_crash" time="0.725" /><testcase classname="backend.tests.test_scan" name="test_scan_requires_admin" time="0.165" /><testcase classname="backend.tests.test_scan" name="test_scan_bad_path_returns_400" time="0.111" /><testcase classname="backend.tests.test_scan" name="test_scan_recursive_ingests_all" time="0.213" /><testcase classname="backend.tests.test_scan" name="test_scan_idempotent" time="0.049" /><testcase classname="backend.tests.test_scan" name="test_scan_non_recursive_skips_subfolders" time="0.307" /><testcase classname="backend.tests.test_scan" name="test_stream_source_path_range" time="0.094" /><testcase classname="backend.tests.test_scan" name="test_cover_source_path" time="0.049" /><testcase classname="backend.tests.test_scan" name="test_delete_preserves_source_files" time="0.353" /></testsuite></testsuites>