<?xml version="1.0" encoding="utf-8"?><testsuites name="pytest tests"><testsuite name="pytest" errors="0" failures="3" skipped="0" tests="70" time="16.427" timestamp="2026-05-05T19:44:56.739985+00:00" hostname="agent-env-3bc2bac4-a898-4880-979a-2737bb0c7e86"><testcase classname="backend.tests.backend_test.TestRoot" name="test_root" time="0.316" /><testcase classname="backend.tests.backend_test.TestRoot" name="test_seed_demo" time="0.230" /><testcase classname="backend.tests.backend_test.TestAuth" name="test_login_success" time="0.110" /><testcase classname="backend.tests.backend_test.TestAuth" name="test_login_wrong_password" time="0.135" /><testcase classname="backend.tests.backend_test.TestAuth" name="test_verify_without_token" time="0.110" /><testcase classname="backend.tests.backend_test.TestAuth" name="test_verify_with_invalid_token" time="0.124" /><testcase classname="backend.tests.backend_test.TestAuth" name="test_verify_with_valid_token" time="0.227" /><testcase classname="backend.tests.backend_test.TestAdminProtection" name="test_create_requires_auth" time="0.142" /><testcase classname="backend.tests.backend_test.TestAdminProtection" name="test_patch_requires_auth" time="0.142" /><testcase classname="backend.tests.backend_test.TestAdminProtection" name="test_delete_requires_auth" time="0.111" /><testcase classname="backend.tests.backend_test.TestAdminProtection" name="test_audio_upload_requires_auth" time="0.140" /><testcase classname="backend.tests.backend_test.TestMixes" name="test_list_mixes_no_mongo_id" time="0.120" /><testcase classname="backend.tests.backend_test.TestMixes" name="test_get_genres" time="0.161" /><testcase classname="backend.tests.backend_test.TestMixes" name="test_create_and_get_mix" time="0.266" /><testcase classname="backend.tests.backend_test.TestMixes" name="test_genre_visible" time="0.110" /><testcase classname="backend.tests.backend_test.TestMixes" name="test_patch_mix" time="0.228" /><testcase classname="backend.tests.backend_test.TestMixes" name="test_play_count_increment" time="0.322"><failure message="assert 0 == (0 + 1)">backend/tests/backend_test.py:207: in test_play_count_increment
    assert after == before + 1
E   assert 0 == (0 + 1)</failure></testcase><testcase classname="backend.tests.backend_test.TestMixes" name="test_play_nonexistent" time="0.098" /><testcase classname="backend.tests.backend_test.TestMixes" name="test_get_nonexistent" time="0.081" /><testcase classname="backend.tests.backend_test.TestMixes" name="test_public_duration_sets_when_zero" time="0.433"><failure message="assert 0.0 == 321.5">backend/tests/backend_test.py:232: in test_public_duration_sets_when_zero
    assert session.get(f"{API}/mixes/{mid}").json()["duration"] == 321.5
E   assert 0.0 == 321.5</failure></testcase><testcase classname="backend.tests.backend_test.TestUploadsAndStreaming" name="test_cue_upload_and_parse" time="0.130" /><testcase classname="backend.tests.backend_test.TestUploadsAndStreaming" name="test_audio_upload_and_stream_range" time="0.607"><failure message="AssertionError: assert None == 'f899f472-f0cb-4427-ab94-cea7ba56026e.mp3'">backend/tests/backend_test.py:287: in test_audio_upload_and_stream_range
    assert mix["audio_filename"] == data["filename"]
E   AssertionError: assert None == 'f899f472-f0cb-4427-ab94-cea7ba56026e.mp3'</failure></testcase><testcase classname="backend.tests.backend_test.TestUploadsAndStreaming" name="test_cover_upload_and_fetch" time="0.171" /><testcase classname="backend.tests.backend_test.TestDelete" name="test_delete_mix_removes" time="0.286" /><testcase classname="backend.tests.test_analysis" name="test_analyze_requires_admin" time="0.188" /><testcase classname="backend.tests.test_analysis" name="test_analysis_status_public_404" time="0.084" /><testcase classname="backend.tests.test_analysis" name="test_scan_analyze_false_does_not_queue" time="0.285" /><testcase classname="backend.tests.test_analysis" name="test_scan_analyze_true_runs_end_to_end" time="2.273" /><testcase classname="backend.tests.test_analysis" name="test_rescan_does_not_requeue" time="0.067" /><testcase classname="backend.tests.test_analysis" name="test_analyze_endpoint_response" time="0.059" /><testcase classname="backend.tests.test_analysis" name="test_analyze_endpoint_404" time="0.094" /><testcase classname="backend.tests.test_analysis" name="test_artwork_chain_with_empty_discogs" time="0.291" /><testcase classname="backend.tests.test_analysis" name="test_artwork_unknown_returns_no_crash" time="1.088" /><testcase classname="backend.tests.test_compatible.TestCompatibleBasics" name="test_returns_200_and_list" time="0.637" /><testcase classname="backend.tests.test_compatible.TestCompatibleBasics" name="test_404_for_missing_mix" time="0.084" /><testcase classname="backend.tests.test_compatible.TestCompatibleBasics" name="test_source_excluded" time="0.086" /><testcase classname="backend.tests.test_compatible.TestCompatibleBasics" name="test_no_mongo_id_leak" time="0.092" /><testcase classname="backend.tests.test_compatible.TestCompatibleScoring" name="test_B_and_C_match_D_does_not" time="0.073" /><testcase classname="backend.tests.test_compatible.TestCompatibleScoring" name="test_ordering_best_first" time="0.073" /><testcase classname="backend.tests.test_compatible.TestCompatibleScoring" name="test_limit_param" time="0.071" /><testcase classname="backend.tests.test_compatible.TestCompatibleScoring" name="test_limit_2" time="0.082" /><testcase classname="backend.tests.test_compatible.TestCompatibleScoring" name="test_default_limit_is_8" time="0.077" /><testcase classname="backend.tests.test_compatible.TestCompatibleEdge" name="test_source_without_bpm_or_camelot" time="0.226" /><testcase classname="backend.tests.test_compatible.TestCompatibleEdge" name="test_wrap_around_camelot_12_to_1" time="0.396" /><testcase classname="backend.tests.test_compatible.TestCompatibleEdge" name="test_wrap_around_camelot_1_to_12" time="0.392" /><testcase classname="backend.tests.test_compatible.TestCompatibleEdge" name="test_relative_major_minor" time="0.384" /><testcase classname="backend.tests.test_compatible.TestGetMixRegression" name="test_get_mix_still_works" time="0.107" /><testcase classname="backend.tests.test_compatible.TestGetMixRegression" name="test_get_mix_404" time="0.392" /><testcase classname="backend.tests.test_phase2.TestRSSFeed" name="test_feed_xml_returns_200_and_correct_content_type" time="0.192" /><testcase classname="backend.tests.test_phase2.TestRSSFeed" name="test_feed_xml_is_valid_rss_with_channel" time="0.205" /><testcase classname="backend.tests.test_phase2.TestRSSFeed" name="test_feed_skips_mixes_without_audio_source" time="0.137" /><testcase classname="backend.tests.test_phase2.TestRSSFeed" name="test_feed_is_cached_identical_bytes" time="0.135" /><testcase classname="backend.tests.test_phase2.TestWaveform" name="test_waveform_404_unknown_mix" time="0.097" /><testcase classname="backend.tests.test_phase2.TestWaveform" name="test_waveform_no_audio_returns_empty_not_ready" time="0.088" /><testcase classname="backend.tests.test_phase2.TestWaveform" name="test_waveform_real_audio_computes_peaks_and_persists" time="0.143" /><testcase classname="backend.tests.test_phase2.TestWaveform" name="test_waveform_second_call_is_fast_cached" time="0.165" /><testcase classname="backend.tests.test_phase2.TestMixUpdateHarmonic" name="test_patch_accepts_key_and_camelot" time="0.137" /><testcase classname="backend.tests.test_phase2.TestRedisCache" name="test_mixes_list_populates_cache_key" time="0.103" /><testcase classname="backend.tests.test_phase2.TestRedisCache" name="test_mixes_list_second_call_is_faster" time="0.139" /><testcase classname="backend.tests.test_phase2.TestRedisCache" name="test_patch_invalidates_mixdeck_cache" time="0.225" /><testcase classname="backend.tests.test_phase2.TestRedisCache" name="test_compatible_cache_invalidated_on_patch" time="0.146" /><testcase classname="backend.tests.test_phase2.TestDeleteWaveformCleanup" name="test_delete_removes_waveform_json_file" time="0.319" /><testcase classname="backend.tests.test_scan" name="test_scan_requires_admin" time="0.115" /><testcase classname="backend.tests.test_scan" name="test_scan_bad_path_returns_400" time="0.101" /><testcase classname="backend.tests.test_scan" name="test_scan_recursive_ingests_all" time="0.228" /><testcase classname="backend.tests.test_scan" name="test_scan_idempotent" time="0.078" /><testcase classname="backend.tests.test_scan" name="test_scan_non_recursive_skips_subfolders" time="0.354" /><testcase classname="backend.tests.test_scan" name="test_stream_source_path_range" time="0.114" /><testcase classname="backend.tests.test_scan" name="test_cover_source_path" time="0.055" /><testcase classname="backend.tests.test_scan" name="test_delete_preserves_source_files" time="0.513" /></testsuite></testsuites>