<?xml version="1.0" encoding="utf-8"?><testsuites name="pytest tests"><testsuite name="pytest" errors="0" failures="2" skipped="0" tests="14" time="9.518" timestamp="2026-05-13T09:41:37.880025+00:00" hostname="agent-env-3bc2bac4-a898-4880-979a-2737bb0c7e86"><testcase classname="backend.tests.test_iter12_lyrics.TestLyricsPublic" name="test_yellow_synced_returns_found" time="0.264" /><testcase classname="backend.tests.test_iter12_lyrics.TestLyricsPublic" name="test_yellow_cached_on_repeat" time="0.092" /><testcase classname="backend.tests.test_iter12_lyrics.TestLyricsPublic" name="test_sun_and_moon_trance_track" time="0.045" /><testcase classname="backend.tests.test_iter12_lyrics.TestLyricsPublic" name="test_nonexistent_track_negative_cache" time="5.335" /><testcase classname="backend.tests.test_iter12_lyrics.TestLyricsPublic" name="test_refresh_bypasses_cache" time="3.218" /><testcase classname="backend.tests.test_iter12_lyrics.TestLyricsPublic" name="test_empty_artist_and_title_short_circuits" time="0.042" /><testcase classname="backend.tests.test_iter12_lyrics.TestLyricsManual" name="test_manual_requires_auth" time="0.045" /><testcase classname="backend.tests.test_iter12_lyrics.TestLyricsManual" name="test_manual_parses_lrc" time="0.090" /><testcase classname="backend.tests.test_iter12_lyrics.TestLyricsManual" name="test_manual_400_when_empty" time="0.043" /><testcase classname="backend.tests.test_iter12_lyrics.TestLyricsManual" name="test_manual_multi_timestamp_line" time="0.048"><failure message="assert 0 == 2&#10; +  where 0 = len([])">backend/tests/test_iter12_lyrics.py:150: in test_manual_multi_timestamp_line
    assert len(same_text_entries) == 2
E   assert 0 == 2
E    +  where 0 = len([])</failure></testcase><testcase classname="backend.tests.test_iter12_lyrics.TestLyricsManual" name="test_manual_section_labels_ignored" time="0.069" /><testcase classname="backend.tests.test_iter12_lyrics.TestLrcParser" name="test_parse_basic" time="0.114" /><testcase classname="backend.tests.test_iter12_lyrics.TestLrcParser" name="test_parse_multi_timestamps" time="0.000"><failure message="assert 0 == 2&#10; +  where 0 = len([])">backend/tests/test_iter12_lyrics.py:190: in test_parse_multi_timestamps
    assert len(same) == 2
E   assert 0 == 2
E    +  where 0 = len([])</failure></testcase><testcase classname="backend.tests.test_iter12_lyrics.TestLrcParser" name="test_parse_ignores_no_timestamp" time="0.001" /></testsuite></testsuites>