<?xml version="1.0" encoding="utf-8"?><testsuites name="pytest tests"><testsuite name="pytest" errors="0" failures="1" skipped="0" tests="15" time="4.233" timestamp="2026-05-13T10:51:26.472261+00:00" hostname="agent-env-3bc2bac4-a898-4880-979a-2737bb0c7e86"><testcase classname="backend.tests.test_iter13_whisper_trim.TestWhisperTransitionTrim" name="test_get_settings_has_trim_default_15" time="0.520" /><testcase classname="backend.tests.test_iter13_whisper_trim.TestWhisperTransitionTrim" name="test_patch_trim_roundtrip[0]" time="0.137"><failure message="assert 15 == 0">backend/tests/test_iter13_whisper_trim.py:98: in test_patch_trim_roundtrip
    assert r.json()["whisper_transition_trim"] == trim
E   assert 15 == 0</failure></testcase><testcase classname="backend.tests.test_iter13_whisper_trim.TestWhisperTransitionTrim" name="test_patch_trim_roundtrip[5]" time="0.221" /><testcase classname="backend.tests.test_iter13_whisper_trim.TestWhisperTransitionTrim" name="test_patch_trim_roundtrip[12]" time="0.375" /><testcase classname="backend.tests.test_iter13_whisper_trim.TestWhisperTransitionTrim" name="test_patch_trim_roundtrip[15]" time="0.297" /><testcase classname="backend.tests.test_iter13_whisper_trim.TestWhisperTransitionTrim" name="test_patch_trim_roundtrip[30]" time="0.257" /><testcase classname="backend.tests.test_iter13_whisper_trim.TestWhisperTransitionTrim" name="test_patch_invalid_trim_no_500" time="0.192" /><testcase classname="backend.tests.test_iter13_whisper_trim.TestWhisperTransitionTrim" name="test_patch_negative_trim_no_500" time="0.244" /><testcase classname="backend.tests.test_iter13_whisper_trim.TestWhisperHealthCheck" name="test_test_whisper_unreachable" time="0.145" /><testcase classname="backend.tests.test_iter13_whisper_trim.TestTranscribeTrack" name="test_requires_admin_token" time="0.267" /><testcase classname="backend.tests.test_iter13_whisper_trim.TestTranscribeTrack" name="test_404_invalid_mix" time="0.220" /><testcase classname="backend.tests.test_iter13_whisper_trim.TestTranscribeTrack" name="test_404_out_of_range_track_index" time="0.112" /><testcase classname="backend.tests.test_iter13_whisper_trim.TestTranscribeTrack" name="test_400_when_whisper_disabled" time="0.236" /><testcase classname="backend.tests.test_iter13_whisper_trim.TestTranscribeTrack" name="test_400_track_missing_artist_and_title" time="0.583" /><testcase classname="backend.tests.test_iter13_whisper_trim.TestTranscribeTrack" name="test_whisper_enabled_unreachable_no_500" time="0.333" /></testsuite></testsuites>