<?xml version="1.0" encoding="utf-8"?><testsuites name="pytest tests"><testsuite name="pytest" errors="0" failures="0" skipped="0" tests="14" time="3.731" timestamp="2026-05-05T19:44:46.358420+00:00" hostname="agent-env-3bc2bac4-a898-4880-979a-2737bb0c7e86"><testcase classname="backend.tests.test_phase2.TestRSSFeed" name="test_feed_xml_returns_200_and_correct_content_type" time="0.363" /><testcase classname="backend.tests.test_phase2.TestRSSFeed" name="test_feed_xml_is_valid_rss_with_channel" time="0.253" /><testcase classname="backend.tests.test_phase2.TestRSSFeed" name="test_feed_skips_mixes_without_audio_source" time="0.148" /><testcase classname="backend.tests.test_phase2.TestRSSFeed" name="test_feed_is_cached_identical_bytes" time="0.201" /><testcase classname="backend.tests.test_phase2.TestWaveform" name="test_waveform_404_unknown_mix" time="0.070" /><testcase classname="backend.tests.test_phase2.TestWaveform" name="test_waveform_no_audio_returns_empty_not_ready" time="0.065" /><testcase classname="backend.tests.test_phase2.TestWaveform" name="test_waveform_real_audio_computes_peaks_and_persists" time="1.284" /><testcase classname="backend.tests.test_phase2.TestWaveform" name="test_waveform_second_call_is_fast_cached" time="0.166" /><testcase classname="backend.tests.test_phase2.TestMixUpdateHarmonic" name="test_patch_accepts_key_and_camelot" time="0.187" /><testcase classname="backend.tests.test_phase2.TestRedisCache" name="test_mixes_list_populates_cache_key" time="0.097" /><testcase classname="backend.tests.test_phase2.TestRedisCache" name="test_mixes_list_second_call_is_faster" time="0.187" /><testcase classname="backend.tests.test_phase2.TestRedisCache" name="test_patch_invalidates_mixdeck_cache" time="0.192" /><testcase classname="backend.tests.test_phase2.TestRedisCache" name="test_compatible_cache_invalidated_on_patch" time="0.133" /><testcase classname="backend.tests.test_phase2.TestDeleteWaveformCleanup" name="test_delete_removes_waveform_json_file" time="0.264" /></testsuite></testsuites>