<?xml version="1.0" encoding="utf-8"?><testsuites name="pytest tests"><testsuite name="pytest" errors="0" failures="0" skipped="0" tests="8" time="1.391" timestamp="2026-04-24T14:35:08.905133+00:00" hostname="agent-env-3bc2bac4-a898-4880-979a-2737bb0c7e86"><testcase classname="backend.tests.test_scan" name="test_scan_requires_admin" time="0.198" /><testcase classname="backend.tests.test_scan" name="test_scan_bad_path_returns_400" time="0.101" /><testcase classname="backend.tests.test_scan" name="test_scan_recursive_ingests_all" time="0.213" /><testcase classname="backend.tests.test_scan" name="test_scan_idempotent" time="0.049" /><testcase classname="backend.tests.test_scan" name="test_scan_non_recursive_skips_subfolders" time="0.299" /><testcase classname="backend.tests.test_scan" name="test_stream_source_path_range" time="0.099" /><testcase classname="backend.tests.test_scan" name="test_cover_source_path" time="0.050" /><testcase classname="backend.tests.test_scan" name="test_delete_preserves_source_files" time="0.293" /></testsuite></testsuites>