<?xml version="1.0" encoding="utf-8"?><testsuites name="pytest tests"><testsuite name="pytest" errors="0" failures="0" skipped="0" tests="9" time="4.430" timestamp="2026-04-24T14:49:42.131305+00:00" hostname="agent-env-3bc2bac4-a898-4880-979a-2737bb0c7e86"><testcase classname="backend.tests.test_analysis" name="test_analyze_requires_admin" time="0.228" /><testcase classname="backend.tests.test_analysis" name="test_analysis_status_public_404" time="0.053" /><testcase classname="backend.tests.test_analysis" name="test_scan_analyze_false_does_not_queue" time="0.213" /><testcase classname="backend.tests.test_analysis" name="test_scan_analyze_true_runs_end_to_end" time="2.249" /><testcase classname="backend.tests.test_analysis" name="test_rescan_does_not_requeue" time="0.048" /><testcase classname="backend.tests.test_analysis" name="test_analyze_endpoint_response" time="0.055" /><testcase classname="backend.tests.test_analysis" name="test_analyze_endpoint_404" time="0.104" /><testcase classname="backend.tests.test_analysis" name="test_artwork_chain_with_empty_discogs" time="0.351" /><testcase classname="backend.tests.test_analysis" name="test_artwork_unknown_returns_no_crash" time="1.039" /></testsuite></testsuites>