<?xml version="1.0" encoding="utf-8"?><testsuites name="pytest tests"><testsuite name="pytest" errors="0" failures="0" skipped="0" tests="8" time="3.072" timestamp="2026-05-05T20:30:45.157077+00:00" hostname="agent-env-3bc2bac4-a898-4880-979a-2737bb0c7e86"><testcase classname="backend.tests.test_bg_scan" name="test_scan_post_no_auth" time="0.298" /><testcase classname="backend.tests.test_bg_scan" name="test_scan_status_no_auth" time="0.144" /><testcase classname="backend.tests.test_bg_scan" name="test_analysis_overview_no_auth" time="0.156" /><testcase classname="backend.tests.test_bg_scan" name="test_scan_post_bad_token" time="0.148" /><testcase classname="backend.tests.test_bg_scan" name="test_scan_invalid_path_returns_400" time="0.760" /><testcase classname="backend.tests.test_bg_scan" name="test_scan_status_unknown_id" time="0.135" /><testcase classname="backend.tests.test_bg_scan" name="test_analysis_overview_shape" time="0.160" /><testcase classname="backend.tests.test_bg_scan" name="test_scan_full_flow_on_tmp" time="1.191" /></testsuite></testsuites>