<?xml version="1.0" encoding="utf-8"?><testsuites name="pytest tests"><testsuite name="pytest" errors="0" failures="1" skipped="0" tests="15" time="2.999" timestamp="2026-05-05T19:26:30.725621+00:00" hostname="agent-env-3bc2bac4-a898-4880-979a-2737bb0c7e86"><testcase classname="backend.tests.test_compatible.TestCompatibleBasics" name="test_returns_200_and_list" time="0.691" /><testcase classname="backend.tests.test_compatible.TestCompatibleBasics" name="test_404_for_missing_mix" time="0.078" /><testcase classname="backend.tests.test_compatible.TestCompatibleBasics" name="test_source_excluded" time="0.063" /><testcase classname="backend.tests.test_compatible.TestCompatibleBasics" name="test_no_mongo_id_leak" time="0.068" /><testcase classname="backend.tests.test_compatible.TestCompatibleScoring" name="test_B_and_C_match_D_does_not" time="0.059" /><testcase classname="backend.tests.test_compatible.TestCompatibleScoring" name="test_ordering_best_first" time="0.061" /><testcase classname="backend.tests.test_compatible.TestCompatibleScoring" name="test_limit_param" time="0.063"><failure message="AssertionError: assert '4df36626-7ff...-0489f5122e49' == '948f9109-3eb...-9fe99307ceac'&#10;  &#10;  - 948f9109-3eb4-46f7-8935-9fe99307ceac&#10;  + 4df36626-7ffd-4db5-851f-0489f5122e49">backend/tests/test_compatible.py:139: in test_limit_param
    assert results[0]["id"] == compat_set["B"]["id"]
E   AssertionError: assert '4df36626-7ff...-0489f5122e49' == '948f9109-3eb...-9fe99307ceac'
E     
E     - 948f9109-3eb4-46f7-8935-9fe99307ceac
E     + 4df36626-7ffd-4db5-851f-0489f5122e49</failure></testcase><testcase classname="backend.tests.test_compatible.TestCompatibleScoring" name="test_limit_2" time="0.069" /><testcase classname="backend.tests.test_compatible.TestCompatibleScoring" name="test_default_limit_is_8" time="0.060" /><testcase classname="backend.tests.test_compatible.TestCompatibleEdge" name="test_source_without_bpm_or_camelot" time="0.194" /><testcase classname="backend.tests.test_compatible.TestCompatibleEdge" name="test_wrap_around_camelot_12_to_1" time="0.323" /><testcase classname="backend.tests.test_compatible.TestCompatibleEdge" name="test_wrap_around_camelot_1_to_12" time="0.345" /><testcase classname="backend.tests.test_compatible.TestCompatibleEdge" name="test_relative_major_minor" time="0.315" /><testcase classname="backend.tests.test_compatible.TestGetMixRegression" name="test_get_mix_still_works" time="0.065" /><testcase classname="backend.tests.test_compatible.TestGetMixRegression" name="test_get_mix_404" time="0.314" /></testsuite></testsuites>